Logfile initialized
[INFO] logfile = /Data/FLX/Dev/Titanium/JSMontreal/build.log
[DEBUG] /Users/florent/Library/Application Support/Titanium/mobilesdk/osx/2.1.4.GA/android/builder.py distribute JSMontreal /Data/FLX/Dev/Titanium/android /Data/FLX/Dev/Titanium/JSMontreal fr.florentlamoureux.jsmontreal /Data/FLX/Dev/Mobile/Android/flrentkeystore 2008mtk33 flxcreations /Data/FLX/Dev/Titanium 10
[INFO] Titanium SDK version: 2.1.4 (11/09/12 12:46 51f2c64)
[INFO] Copying CommonJS modules...
[INFO] Copying project resources..
[INFO] Detected change in tiapp.xml, or assets deleted. Forcing full re-build...
[TRACE] COPYING CREATED FILE: /Data/FLX/Dev/Titanium/JSMontreal/Resources/android/appicon.png => /Data/FLX/Dev/Titanium/JSMontreal/build/android/bin/assets/Resources/appicon.png
[TRACE] COPYING CREATED FILE: /Data/FLX/Dev/Titanium/JSMontreal/Resources/android/default.png => /Data/FLX/Dev/Titanium/JSMontreal/build/android/bin/assets/Resources/default.png
[TRACE] COPYING CREATED FILE: /Data/FLX/Dev/Titanium/JSMontreal/Resources/app.js => /Data/FLX/Dev/Titanium/JSMontreal/build/android/bin/assets/Resources/app.js
[TRACE] COPYING CREATED FILE: /Data/FLX/Dev/Titanium/JSMontreal/Resources/images/calendar.png => /Data/FLX/Dev/Titanium/JSMontreal/build/android/bin/assets/Resources/images/calendar.png
[TRACE] COPYING CREATED FILE: /Data/FLX/Dev/Titanium/JSMontreal/Resources/images/locate.png => /Data/FLX/Dev/Titanium/JSMontreal/build/android/bin/assets/Resources/images/locate.png
[TRACE] COPYING CREATED FILE: /Data/FLX/Dev/Titanium/JSMontreal/Resources/images/team.png => /Data/FLX/Dev/Titanium/JSMontreal/build/android/bin/assets/Resources/images/team.png
[TRACE] COPYING CREATED FILE: /Data/FLX/Dev/Titanium/JSMontreal/Resources/lib/md5-min.js => /Data/FLX/Dev/Titanium/JSMontreal/build/android/bin/assets/Resources/lib/md5-min.js
[TRACE] COPYING CREATED FILE: /Data/FLX/Dev/Titanium/JSMontreal/Resources/ui/common/About.js => /Data/FLX/Dev/Titanium/JSMontreal/build/android/bin/assets/Resources/ui/common/About.js
[TRACE] COPYING CREATED FILE: /Data/FLX/Dev/Titanium/JSMontreal/Resources/ui/common/ApplicationTabGroup.js => /Data/FLX/Dev/Titanium/JSMontreal/build/android/bin/assets/Resources/ui/common/ApplicationTabGroup.js
[TRACE] COPYING CREATED FILE: /Data/FLX/Dev/Titanium/JSMontreal/Resources/ui/common/DAO.js => /Data/FLX/Dev/Titanium/JSMontreal/build/android/bin/assets/Resources/ui/common/DAO.js
[TRACE] COPYING CREATED FILE: /Data/FLX/Dev/Titanium/JSMontreal/Resources/ui/common/MeetupsList.js => /Data/FLX/Dev/Titanium/JSMontreal/build/android/bin/assets/Resources/ui/common/MeetupsList.js
[TRACE] COPYING CREATED FILE: /Data/FLX/Dev/Titanium/JSMontreal/Resources/ui/common/MeetupWindow.js => /Data/FLX/Dev/Titanium/JSMontreal/build/android/bin/assets/Resources/ui/common/MeetupWindow.js
[TRACE] Generating Java Classes
[DEBUG] Processing Android resource drawables
[TRACE] COPYING FILE: /Data/FLX/Dev/Titanium/JSMontreal/Resources/android/images/high/calendar.png => /Data/FLX/Dev/Titanium/JSMontreal/build/android/res/drawable-hdpi/calendar_0cdd8891ab.png
[TRACE] COPYING FILE: /Data/FLX/Dev/Titanium/JSMontreal/Resources/android/images/high/locate.png => /Data/FLX/Dev/Titanium/JSMontreal/build/android/res/drawable-hdpi/locate_e0221f6b96.png
[TRACE] COPYING FILE: /Data/FLX/Dev/Titanium/JSMontreal/Resources/android/images/high/team.png => /Data/FLX/Dev/Titanium/JSMontreal/build/android/res/drawable-hdpi/team_c1b59be6b5.png
[TRACE] COPYING FILE: /Data/FLX/Dev/Titanium/JSMontreal/Resources/android/images/low/calendar.png => /Data/FLX/Dev/Titanium/JSMontreal/build/android/res/drawable-ldpi/calendar_0cdd8891ab.png
[TRACE] COPYING FILE: /Data/FLX/Dev/Titanium/JSMontreal/Resources/android/images/low/locate.png => /Data/FLX/Dev/Titanium/JSMontreal/build/android/res/drawable-ldpi/locate_e0221f6b96.png
[TRACE] COPYING FILE: /Data/FLX/Dev/Titanium/JSMontreal/Resources/android/images/low/team.png => /Data/FLX/Dev/Titanium/JSMontreal/build/android/res/drawable-ldpi/team_c1b59be6b5.png
[TRACE] COPYING FILE: /Data/FLX/Dev/Titanium/JSMontreal/Resources/android/images/medium/calendar.png => /Data/FLX/Dev/Titanium/JSMontreal/build/android/res/drawable-mdpi/calendar_0cdd8891ab.png
[TRACE] COPYING FILE: /Data/FLX/Dev/Titanium/JSMontreal/Resources/android/images/medium/locate.png => /Data/FLX/Dev/Titanium/JSMontreal/build/android/res/drawable-mdpi/locate_e0221f6b96.png
[TRACE] COPYING FILE: /Data/FLX/Dev/Titanium/JSMontreal/Resources/android/images/medium/team.png => /Data/FLX/Dev/Titanium/JSMontreal/build/android/res/drawable-mdpi/team_c1b59be6b5.png
[DEBUG] app stylesheet => /Data/FLX/Dev/Titanium/JSMontreal/build/android/gen/fr/florentlamoureux/jsmontreal/ApplicationStylesheet.java
[DEBUG] copying app icon: /Data/FLX/Dev/Titanium/JSMontreal/build/android/bin/assets/Resources/appicon.png
[DEBUG] generating theme.xml
[DEBUG] found splash screen at /Data/FLX/Dev/Titanium/JSMontreal/build/android/bin/assets/Resources/default.png
[TRACE] Writing out AndroidManifest.xml
[DEBUG] adding /Data/FLX/Dev/Titanium/JSMontreal/build/android/gen/fr/florentlamoureux/jsmontreal/ApplicationStylesheet.java to javac build list
[DEBUG] adding /Data/FLX/Dev/Titanium/JSMontreal/build/android/gen/fr/florentlamoureux/jsmontreal/AssetCryptImpl.java to javac build list
[DEBUG] adding /Data/FLX/Dev/Titanium/JSMontreal/build/android/gen/fr/florentlamoureux/jsmontreal/JsmontrealActivity.java to javac build list
[DEBUG] adding /Data/FLX/Dev/Titanium/JSMontreal/build/android/gen/fr/florentlamoureux/jsmontreal/JsmontrealAppInfo.java to javac build list
[DEBUG] adding /Data/FLX/Dev/Titanium/JSMontreal/build/android/gen/fr/florentlamoureux/jsmontreal/JsmontrealApplication.java to javac build list
[DEBUG] adding /Data/FLX/Dev/Titanium/JSMontreal/build/android/gen/fr/florentlamoureux/jsmontreal/R.java to javac build list
[DEBUG] Building Java Sources: "/Data/FLX/Dev/Titanium/JSMontreal/build/android/gen/fr/florentlamoureux/jsmontreal/ApplicationStylesheet.java" "/Data/FLX/Dev/Titanium/JSMontreal/build/android/gen/fr/florentlamoureux/jsmontreal/AssetCryptImpl.java" "/Data/FLX/Dev/Titanium/JSMontreal/build/android/gen/fr/florentlamoureux/jsmontreal/JsmontrealActivity.java" "/Data/FLX/Dev/Titanium/JSMontreal/build/android/gen/fr/florentlamoureux/jsmontreal/JsmontrealAppInfo.java" "/Data/FLX/Dev/Titanium/JSMontreal/build/android/gen/fr/florentlamoureux/jsmontreal/JsmontrealApplication.java" "/Data/FLX/Dev/Titanium/JSMontreal/build/android/gen/fr/florentlamoureux/jsmontreal/R.java"
[INFO] Compiling Android Resources... This could take some time
[DEBUG] Android classes.dex built
[DEBUG] creating unsigned apk: /Data/FLX/Dev/Titanium/JSMontreal/build/android/bin/app-unsigned.apk
[DEBUG] from resource zip => assets/Resources/images/calendar.png
[DEBUG] from resource zip => assets/Resources/images/locate.png
[DEBUG] from resource zip => assets/Resources/images/team.png
[DEBUG] from resource zip => assets/Resources/appicon.png
[DEBUG] from resource zip => assets/Resources/default.png
[DEBUG] from resource zip => assets/app.json
[DEBUG] from resource zip => assets/index.json
[DEBUG] from resource zip => assets/tiapp.xml
[DEBUG] from resource zip => res/drawable/appicon.png
[DEBUG] from resource zip => res/drawable/background.png
[DEBUG] from resource zip => res/layout/titanium_tabgroup.xml
[DEBUG] from resource zip => AndroidManifest.xml
[DEBUG] from resource zip => resources.arsc
[DEBUG] from resource zip => res/drawable-hdpi/calendar_0cdd8891ab.png
[DEBUG] from resource zip => res/drawable-hdpi/locate_e0221f6b96.png
[DEBUG] from resource zip => res/drawable-hdpi/team_c1b59be6b5.png
[DEBUG] from resource zip => res/drawable-ldpi/calendar_0cdd8891ab.png
[DEBUG] from resource zip => res/drawable-ldpi/locate_e0221f6b96.png
[DEBUG] from resource zip => res/drawable-ldpi/team_c1b59be6b5.png
[DEBUG] from resource zip => res/drawable-mdpi/calendar_0cdd8891ab.png
[DEBUG] from resource zip => res/drawable-mdpi/locate_e0221f6b96.png
[DEBUG] from resource zip => res/drawable-mdpi/team_c1b59be6b5.png
[DEBUG] from JAR /Users/florent/Library/Application Support/Titanium/mobilesdk/osx/2.1.4.GA/android/titanium.jar => org/appcelerator/titanium/build.properties
[DEBUG] from JAR /Users/florent/Library/Application Support/Titanium/mobilesdk/osx/2.1.4.GA/android/titanium.jar => org/appcelerator/titanium/res/drawable/background.png
[DEBUG] from JAR /Users/florent/Library/Application Support/Titanium/mobilesdk/osx/2.1.4.GA/android/titanium.jar => org/appcelerator/titanium/res/drawable/btn_check_buttonless_on.png
[DEBUG] from JAR /Users/florent/Library/Application Support/Titanium/mobilesdk/osx/2.1.4.GA/android/titanium.jar => org/appcelerator/titanium/res/drawable/btn_check_buttonless_on_18.png
[DEBUG] from JAR /Users/florent/Library/Application Support/Titanium/mobilesdk/osx/2.1.4.GA/android/titanium.jar => org/appcelerator/titanium/res/drawable/btn_check_buttonless_on_48.png
[DEBUG] from JAR /Users/florent/Library/Application Support/Titanium/mobilesdk/osx/2.1.4.GA/android/titanium.jar => org/appcelerator/titanium/res/drawable/btn_more.png
[DEBUG] from JAR /Users/florent/Library/Application Support/Titanium/mobilesdk/osx/2.1.4.GA/android/titanium.jar => org/appcelerator/titanium/res/drawable/btn_more_18.png
[DEBUG] from JAR /Users/florent/Library/Application Support/Titanium/mobilesdk/osx/2.1.4.GA/android/titanium.jar => org/appcelerator/titanium/res/drawable/btn_more_48.png
[DEBUG] from JAR /Users/florent/Library/Application Support/Titanium/mobilesdk/osx/2.1.4.GA/android/titanium.jar => org/appcelerator/titanium/res/drawable/btn_picker_normal.9.png
[DEBUG] from JAR /Users/florent/Library/Application Support/Titanium/mobilesdk/osx/2.1.4.GA/android/titanium.jar => org/appcelerator/titanium/res/drawable/btn_picker_pressed.9.png
[DEBUG] from JAR /Users/florent/Library/Application Support/Titanium/mobilesdk/osx/2.1.4.GA/android/titanium.jar => org/appcelerator/titanium/res/drawable/btn_picker_selected.9.png
[DEBUG] from JAR /Users/florent/Library/Application Support/Titanium/mobilesdk/osx/2.1.4.GA/android/titanium.jar => org/appcelerator/titanium/res/drawable/default_icon.png
[DEBUG] from JAR /Users/florent/Library/Application Support/Titanium/mobilesdk/osx/2.1.4.GA/android/titanium.jar => org/appcelerator/titanium/res/drawable/photoDefault.png
[DEBUG] from JAR /Users/florent/Library/Application Support/Titanium/mobilesdk/osx/2.1.4.GA/android/modules/titanium-ui.jar => ti/modules/titanium/ui/widget/webview/binding.js
[DEBUG] from JAR /Users/florent/Library/Application Support/Titanium/mobilesdk/osx/2.1.4.GA/android/modules/titanium-ui.jar => ti/modules/titanium/ui/widget/webview/binding.min.js
[DEBUG] from JAR /Users/florent/Library/Application Support/Titanium/mobilesdk/osx/2.1.4.GA/android/modules/titanium-ui.jar => ti/modules/titanium/ui/widget/webview/json2.js
[DEBUG] from JAR /Users/florent/Library/Application Support/Titanium/mobilesdk/osx/2.1.4.GA/android/modules/titanium-ui.jar => ti/modules/titanium/ui/widget/webview/polling.js
[DEBUG] from JAR /Users/florent/Library/Application Support/Titanium/mobilesdk/osx/2.1.4.GA/android/modules/titanium-ui.jar => ti/modules/titanium/ui/widget/webview/polling.min.js
[DEBUG] from JAR /Users/florent/Library/Application Support/Titanium/mobilesdk/osx/2.1.4.GA/android/thirdparty.jar => org/apache/Commons-NOTICE.txt
[DEBUG] from JAR /Users/florent/Library/Application Support/Titanium/mobilesdk/osx/2.1.4.GA/android/thirdparty.jar => org/apache/HttpComponents-NOTICE.txt
[DEBUG] from JAR /Users/florent/Library/Application Support/Titanium/mobilesdk/osx/2.1.4.GA/android/thirdparty.jar => org/apache/mime4j-NOTICE.txt
[DEBUG] installing native SDK libs
